
> wongames-client@1.2.0 build-storybook C:\Pessoal\react-avancado\wongames-client
> storybook build "--output-dir" "C:\\Users\\pedro\\AppData\\Local\\Temp\\chromatic--17696-hh8d8I72GTnx"

@storybook/cli v8.0.8

info => Cleaning outputDir: ..\..\..\Users\pedro\AppData\Local\Temp\chromatic--17696-hh8d8I72GTnx
info => Loading presets
info Found existing addon "@storybook/addon-controls", skipping.
info Found existing addon "@storybook/addon-controls", skipping.
info => Building manager..
info => Manager built (928 ms)
info => Building preview..
WARN No story files found for the specified pattern: app\**\*.stories.@(ts|tsx)
info => Using implicit CSS loaders
info => Using SWC as compiler
info => Copying static files: public at ..\..\..\Users\pedro\AppData\Local\Temp\chromatic--17696-hh8d8I72GTnx
info => [@storybook/addon-styling-webpack] Applying custom Storybook webpack configuration styling.
info => Loading custom Webpack config (full-control mode).
WARN asset size limit: The following asset(s) exceed the recommended size limit (244 KiB).
WARN This can impact web performance.
WARN Assets: 
WARN   main.f8180952.iframe.bundle.js (266 KiB)
WARN   5253.7c9ea8b5.iframe.bundle.js (1.98 MiB)
WARN   3191.46fdd7e8.iframe.bundle.js (987 KiB)
WARN   3910.31448c38.iframe.bundle.js (1.46 MiB)
WARN entrypoint size limit: The following entrypoint(s) combined asset size exceeds the recommended limit (244 KiB). This can impact web performance.
WARN Entrypoints:
WARN   main (1.72 MiB)
WARN       runtime~main.7ec4e51a.iframe.bundle.js
WARN       3910.31448c38.iframe.bundle.js
WARN       main.f8180952.iframe.bundle.js
WARN 
info => Preview built (56 s)
info => Output directory: C:\Users\pedro\AppData\Local\Temp\chromatic--17696-hh8d8I72GTnx
